<?xml version="1.0" encoding="UTF-8"?>
<!-- Generated by org.testng.reporters.JUnitReportReporter -->
<testsuite hostname="nvk-PC" failures="0" tests="2" name="sumamaventutorial.Mavenjava.RESTAPITest" time="0.006" errors="0" timestamp="11 Sep 2020 12:12:21 GMT">
  <testcase classname="sumamaventutorial.Mavenjava.RESTAPITest" name="postJira" time="0.000"/>
  <testcase classname="sumamaventutorial.Mavenjava.RESTAPITest" name="deleteTwitter" time="0.006"/>
</testsuite> <!-- sumamaventutorial.Mavenjava.RESTAPITest -->
