<?xml version="1.0" encoding="UTF-8"?>
<!-- Generated by org.testng.reporters.JUnitReportReporter -->
<testsuite hostname="nvk-PC" failures="0" tests="2" name="sumamaventutorial.Mavenjava.AppiumTest" time="0.000" errors="0" timestamp="11 Sep 2020 12:11:48 GMT">
  <testcase classname="sumamaventutorial.Mavenjava.AppiumTest" name="iosApps" time="0.000"/>
  <testcase classname="sumamaventutorial.Mavenjava.AppiumTest" name="nativeAppAndroid" time="0.000"/>
</testsuite> <!-- sumamaventutorial.Mavenjava.AppiumTest -->
