<?xml version="1.0" encoding="UTF-8"?>
<!-- Generated by org.testng.reporters.JUnitReportReporter -->
<testsuite hostname="nvk-PC" failures="0" tests="2" name="sumamaventutorial.Mavenjava.SeleniumTest" time="0.000" errors="0" timestamp="11 Sep 2020 12:12:21 GMT">
  <testcase classname="sumamaventutorial.Mavenjava.SeleniumTest" name="elementsUI" time="0.000"/>
  <testcase classname="sumamaventutorial.Mavenjava.SeleniumTest" name="browserAutomation" time="0.000"/>
</testsuite> <!-- sumamaventutorial.Mavenjava.SeleniumTest -->
